INFO 2023-04-10 01:49:47,907 signals euf_admin - /backend/knowledge-objects/ - 2023-04-09 23:49:47.905059+00:00
INFO 2023-04-10 01:49:49,815 signals euf_admin - /backend/pdf2text/ - 2023-04-09 23:49:49.814458+00:00
INFO 2023-04-10 01:49:51,263 signals euf_admin - /backend/pagination/ - 2023-04-09 23:49:51.261483+00:00
INFO 2023-04-10 01:49:51,806 signals euf_admin - /backend/pagination-api/ - 2023-04-09 23:49:51.805677+00:00
INFO 2023-04-10 01:52:59,793 signals euf_admin - /backend/users/ - 2023-04-09 23:52:59.792014+00:00
INFO 2023-04-10 01:53:00,834 signals euf_admin - /backend/dashboard/ - 2023-04-09 23:53:00.822239+00:00
INFO 2023-04-10 01:53:57,239 signals euf_admin - GET /backend/pdf2text/ - 2023-04-09 23:53:57.228792+00:00
INFO 2023-04-10 01:54:08,867 signals euf_admin - POST /backend/pdf2text/ - 2023-04-09 23:54:08.866621+00:00
INFO 2023-04-10 01:54:11,262 signals euf_admin - GET /backend/pdf2text/ - 2023-04-09 23:54:11.260115+00:00
INFO 2023-04-10 01:58:44,341 signals euf_admin - GET /backend/pdf2text/ - 2023-04-09 23:58:44.329994+00:00 - UTC
INFO 2023-04-10 01:58:45,811 signals euf_admin - GET /backend/users/ - 2023-04-09 23:58:45.800406+00:00 - Europe/Paris
INFO 2023-04-10 01:58:46,761 signals euf_admin - GET /backend/dashboard/ - 2023-04-09 23:58:46.759853+00:00 - Europe/Paris
INFO 2023-04-10 01:58:52,033 signals euf_admin - GET /backend/pagination/ - 2023-04-09 23:58:52.021802+00:00 - Europe/Paris
INFO 2023-04-10 01:58:52,438 signals euf_admin - GET /backend/pagination-api/ - 2023-04-09 23:58:52.436531+00:00 - Europe/Paris
INFO 2023-04-10 02:23:04,526 signals euf_admin - GET /backend/api/pdf2text/ - 2023-04-10 00:23:04.525444+00:00 - Europe/Paris
INFO 2023-04-10 02:23:22,694 signals euf_admin - POST /backend/api/pdf2text/ - 2023-04-10 00:23:22.693568+00:00 - UTC
INFO 2023-04-10 08:37:24,622 signals euf_admin - GET /backend/pagination/ - 2023-04-10 06:37:24.615896+00:00 - Europe/Paris
INFO 2023-04-10 08:37:26,560 signals euf_admin - GET /backend/pagination-api/ - 2023-04-10 06:37:26.558701+00:00 - Europe/Paris
INFO 2023-04-10 08:37:29,968 signals euf_admin - GET /backend/pagination-api/ - 2023-04-10 06:37:29.965471+00:00 - Europe/Paris
INFO 2023-04-10 08:37:30,104 signals euf_admin - GET /backend/pagination-api/ - 2023-04-10 06:37:30.101354+00:00 - Europe/Paris
INFO 2023-04-10 08:37:30,381 signals euf_admin - GET /backend/pagination-api/ - 2023-04-10 06:37:30.380840+00:00 - Europe/Paris
INFO 2023-04-10 08:37:31,259 signals euf_admin - GET /backend/pagination-api/ - 2023-04-10 06:37:31.257374+00:00 - Europe/Paris
INFO 2023-04-10 09:27:17,961 signals euf_admin - GET /backend/pagination/ - 2023-04-10 07:27:17.936699+00:00 - Europe/Paris
INFO 2023-04-10 09:28:50,344 signals euf_admin - POST /admin/login/ - 2023-04-10 07:28:50.340546+00:00 - Europe/Paris
INFO 2023-04-10 09:28:50,385 signals euf_admin - GET /admin/ - 2023-04-10 07:28:50.380515+00:00 - Europe/Paris
INFO 2023-04-10 09:28:53,448 signals euf_admin - GET /admin/axes/accessattempt/ - 2023-04-10 07:28:53.444417+00:00 - Europe/Paris
INFO 2023-04-10 09:28:53,794 signals euf_admin - GET /admin/jsi18n/ - 2023-04-10 07:28:53.790081+00:00 - Europe/Paris
INFO 2023-04-10 09:28:56,726 signals euf_admin - GET /admin/axes/accessfailurelog/ - 2023-04-10 07:28:56.721762+00:00 - Europe/Paris
INFO 2023-04-10 09:28:56,802 signals euf_admin - GET /admin/jsi18n/ - 2023-04-10 07:28:56.798063+00:00 - Europe/Paris
INFO 2023-04-10 09:29:02,450 signals euf_admin - GET /admin/axes/accesslog/ - 2023-04-10 07:29:02.446279+00:00 - Europe/Paris
INFO 2023-04-10 09:29:02,729 signals euf_admin - GET /admin/jsi18n/ - 2023-04-10 07:29:02.714214+00:00 - Europe/Paris
INFO 2023-04-10 09:29:05,411 signals euf_admin - GET /admin/authtoken/tokenproxy/ - 2023-04-10 07:29:05.407417+00:00 - Europe/Paris
INFO 2023-04-10 09:29:06,380 signals euf_admin - GET /admin/account/emailaddress/ - 2023-04-10 07:29:06.377543+00:00 - Europe/Paris
INFO 2023-04-10 09:29:06,671 signals euf_admin - GET /admin/jsi18n/ - 2023-04-10 07:29:06.659392+00:00 - Europe/Paris
INFO 2023-04-10 09:29:11,229 signals euf_admin - GET /admin/otp_totp/totpdevice/ - 2023-04-10 07:29:11.225733+00:00 - Europe/Paris
INFO 2023-04-10 09:29:11,289 signals euf_admin - GET /admin/jsi18n/ - 2023-04-10 07:29:11.286736+00:00 - Europe/Paris
INFO 2023-04-10 09:29:13,316 signals euf_admin - GET /admin/axes/accessattempt/ - 2023-04-10 07:29:13.303002+00:00 - Europe/Paris
INFO 2023-04-10 09:29:13,604 signals euf_admin - GET /admin/jsi18n/ - 2023-04-10 07:29:13.600479+00:00 - Europe/Paris
INFO 2023-04-10 09:32:51,408 signals euf_admin - GET /account/login/ - 2023-04-10 07:32:51.396071+00:00 - Europe/Paris
INFO 2023-04-10 09:32:51,532 signals euf_admin - GET /backend/dashboard/ - 2023-04-10 07:32:51.530249+00:00 - Europe/Paris
INFO 2023-04-10 11:04:00,038 signals euf_admin - POST /account/login/ - 2023-04-10 09:04:00.036485+00:00 - Europe/Paris
INFO 2023-04-10 11:04:00,089 signals euf_admin - GET /backend/dashboard/ - 2023-04-10 09:04:00.087659+00:00 - Europe/Paris
INFO 2023-04-10 11:09:46,647 signals euf_admin - POST /account/login/ - 2023-04-10 09:09:46.646489+00:00 - Europe/Paris
INFO 2023-04-10 11:09:46,699 signals euf_admin - GET /backend/dashboard/ - 2023-04-10 09:09:46.698524+00:00 - Europe/Paris
INFO 2023-04-10 12:39:13,324 signals euf_admin - POST /account/login/ - 2023-04-10 10:39:13.323758+00:00 - Europe/Paris
INFO 2023-04-10 12:39:13,604 signals euf_admin - GET /backend/dashboard/ - 2023-04-10 10:39:13.601920+00:00 - Europe/Paris
INFO 2023-04-10 12:39:46,957 signals euf_admin - GET /backend/dashboard/ - 2023-04-10 10:39:46.955172+00:00 - Europe/Paris
INFO 2023-04-10 12:40:37,153 signals euf_admin - GET /backend/dashboard/ - 2023-04-10 10:40:37.112898+00:00 - Europe/Paris
INFO 2023-04-10 12:40:40,458 signals euf_admin - GET /backend/users/ - 2023-04-10 10:40:40.454652+00:00 - Europe/Paris
INFO 2023-04-10 12:41:43,666 signals euf_admin - GET /backend/users/ - 2023-04-10 10:41:43.627497+00:00 - Europe/Paris
INFO 2023-04-10 12:41:46,242 signals euf_admin - GET /backend/dashboard/ - 2023-04-10 10:41:46.236705+00:00 - Europe/Paris
INFO 2023-04-10 14:15:23,792 signals euf_admin - GET /backend/dashboard/ - 2023-04-10 12:15:23.783110+00:00 - Europe/Paris
INFO 2023-04-10 14:15:26,394 signals euf_admin - GET /backend/pagination/ - 2023-04-10 12:15:26.391793+00:00 - Europe/Paris
INFO 2023-04-10 14:15:31,797 signals euf_admin - GET /backend/pagination-api/ - 2023-04-10 12:15:31.794545+00:00 - Europe/Paris
INFO 2023-04-10 14:15:39,072 signals euf_admin - GET /backend/pagination-api/ - 2023-04-10 12:15:39.068554+00:00 - Europe/Paris
INFO 2023-04-10 14:15:39,073 signals euf_admin - GET /backend/pagination-api/ - 2023-04-10 12:15:39.071554+00:00 - Europe/Paris
INFO 2023-04-10 14:16:33,136 signals euf_admin - GET /backend/pagination-api/ - 2023-04-10 12:16:33.135768+00:00 - Europe/Paris
INFO 2023-04-10 14:16:34,717 signals euf_admin - GET /backend/pagination-api/ - 2023-04-10 12:16:34.715205+00:00 - Europe/Paris
INFO 2023-04-10 14:16:34,882 signals euf_admin - GET /backend/pagination-api/ - 2023-04-10 12:16:34.881205+00:00 - Europe/Paris
INFO 2023-04-10 14:16:35,323 signals euf_admin - GET /backend/pagination-api/ - 2023-04-10 12:16:35.320281+00:00 - Europe/Paris
INFO 2023-04-10 14:28:54,270 signals euf_admin - GET /backend/dashboard/ - 2023-04-10 12:28:54.229738+00:00 - Europe/Paris
INFO 2023-04-10 14:29:54,171 signals euf_admin - GET /backend/dashboard/ - 2023-04-10 12:29:54.131254+00:00 - Europe/Paris
INFO 2023-04-10 14:29:57,829 signals euf_admin - GET /backend/dashboard/ - 2023-04-10 12:29:57.790443+00:00 - Europe/Paris
INFO 2023-04-10 14:30:50,018 signals euf_admin - GET /backend/dashboard/ - 2023-04-10 12:30:49.978485+00:00 - Europe/Paris
INFO 2023-04-10 14:30:53,443 signals euf_admin - GET /settings - 2023-04-10 12:30:53.441099+00:00 - Europe/Paris
INFO 2023-04-10 14:34:01,189 signals euf_admin - GET /favicon.ico - 2023-04-10 12:34:01.187364+00:00 - Europe/Paris
INFO 2023-04-10 14:36:56,055 signals euf_admin - GET //two_factor/setup - 2023-04-10 12:36:56.053889+00:00 - Europe/Paris
INFO 2023-04-10 14:38:42,643 signals euf_admin - GET /settings - 2023-04-10 12:38:42.602427+00:00 - Europe/Paris
INFO 2023-04-10 14:41:53,090 signals euf_admin - GET //two_factor/setup - 2023-04-10 12:41:53.052035+00:00 - Europe/Paris
INFO 2023-04-10 14:41:58,240 signals euf_admin - GET //two_factor/setup - 2023-04-10 12:41:58.239464+00:00 - Europe/Paris
INFO 2023-04-10 14:42:20,454 signals euf_admin - GET //two_factor/setup - 2023-04-10 12:42:20.454007+00:00 - Europe/Paris
INFO 2023-04-10 14:42:53,111 signals euf_admin - GET //two_factor/setup - 2023-04-10 12:42:53.108373+00:00 - Europe/Paris
INFO 2023-04-10 14:43:53,536 signals euf_admin - GET //two_factor/setup - 2023-04-10 12:43:53.533335+00:00 - Europe/Paris
INFO 2023-04-10 14:43:58,419 signals euf_admin - GET //two_factor/setup - 2023-04-10 12:43:58.417627+00:00 - Europe/Paris
INFO 2023-04-10 14:44:03,002 signals euf_admin - GET /settings - 2023-04-10 12:44:02.961898+00:00 - Europe/Paris
INFO 2023-04-10 14:44:08,260 signals euf_admin - GET /backend/dashboard/ - 2023-04-10 12:44:08.220875+00:00 - Europe/Paris
INFO 2023-04-10 14:44:33,485 signals euf_admin - GET /backend/dashboard/ - 2023-04-10 12:44:33.446271+00:00 - Europe/Paris
INFO 2023-04-10 14:44:52,610 signals euf_admin - GET /backend/dashboard/ - 2023-04-10 12:44:52.571705+00:00 - Europe/Paris
INFO 2023-04-10 14:45:04,904 signals euf_admin - GET /backend/dashboard/ - 2023-04-10 12:45:04.865558+00:00 - Europe/Paris
INFO 2023-04-10 14:45:09,478 signals euf_admin - GET /settings - 2023-04-10 12:45:09.438743+00:00 - Europe/Paris
INFO 2023-04-10 14:45:11,170 signals euf_admin - GET //two_factor/setup - 2023-04-10 12:45:11.130748+00:00 - Europe/Paris
INFO 2023-04-10 14:46:34,285 signals euf_admin - GET //two_factor/setup - 2023-04-10 12:46:34.283352+00:00 - Europe/Paris
INFO 2023-04-10 14:47:01,844 signals euf_admin - GET //two_factor/setup - 2023-04-10 12:47:01.842177+00:00 - Europe/Paris
INFO 2023-04-10 14:48:04,449 signals euf_admin - GET //two_factor/setup - 2023-04-10 12:48:04.447366+00:00 - Europe/Paris
INFO 2023-04-10 14:48:06,869 signals euf_admin - GET //two_factor/setup - 2023-04-10 12:48:06.828883+00:00 - Europe/Paris
